[debug] [2025-04-23T21:26:59.275Z] ----------------------------------------------------------------------
[debug] [2025-04-23T21:26:59.279Z] Command:       C:\Program Files\nodejs\node.exe C:\Users\DELL\AppData\Roaming\npm\node_modules\firebase-tools\lib\bin\firebase.js init
[debug] [2025-04-23T21:26:59.280Z] CLI Version:   14.2.0
[debug] [2025-04-23T21:26:59.280Z] Platform:      win32
[debug] [2025-04-23T21:26:59.280Z] Node Version:  v22.14.0
[debug] [2025-04-23T21:26:59.280Z] Time:          Wed Apr 23 2025 22:26:59 GMT+0100 (UTC+01:00)
[debug] [2025-04-23T21:26:59.280Z] ----------------------------------------------------------------------
[debug] 
[debug] [2025-04-23T21:26:59.284Z] >>> [apiv2][query] GET https://firebase-public.firebaseio.com/cli.json [none]
[debug] [2025-04-23T21:26:59.349Z] > command requires scopes: ["email","openid","https://www.googleapis.com/auth/cloudplatformprojects.readonly","https://www.googleapis.com/auth/firebase","https://www.googleapis.com/auth/cloud-platform"]
[debug] [2025-04-23T21:26:59.349Z] > authorizing via signed-in user (hydragaming595@gmail.com)
[info] 
     ######## #### ########  ######## ########     ###     ######  ########
     ##        ##  ##     ## ##       ##     ##  ##   ##  ##       ##
     ######    ##  ########  ######   ########  #########  ######  ######
     ##        ##  ##    ##  ##       ##     ## ##     ##       ## ##
     ##       #### ##     ## ######## ########  ##     ##  ######  ########

You're about to initialize a Firebase project in this directory:

  C:\Users\DELL\taddart-tracker

[debug] [2025-04-23T21:26:59.912Z] <<< [apiv2][status] GET https://firebase-public.firebaseio.com/cli.json 200
[debug] [2025-04-23T21:26:59.912Z] <<< [apiv2][body] GET https://firebase-public.firebaseio.com/cli.json {"cloudBuildErrorAfter":1594252800000,"cloudBuildWarnAfter":1590019200000,"defaultNode10After":1594252800000,"minVersion":"3.0.5","node8DeploysDisabledAfter":1613390400000,"node8RuntimeDisabledAfter":1615809600000,"node8WarnAfter":1600128000000}
[debug] [2025-04-23T22:28:51.696Z] ----------------------------------------------------------------------
[debug] [2025-04-23T22:28:51.698Z] Command:       C:\Program Files\nodejs\node.exe C:\Users\DELL\AppData\Roaming\npm\node_modules\firebase-tools\lib\bin\firebase.js init
[debug] [2025-04-23T22:28:51.698Z] CLI Version:   14.2.0
[debug] [2025-04-23T22:28:51.698Z] Platform:      win32
[debug] [2025-04-23T22:28:51.698Z] Node Version:  v22.14.0
[debug] [2025-04-23T22:28:51.698Z] Time:          Wed Apr 23 2025 23:28:51 GMT+0100 (UTC+01:00)
[debug] [2025-04-23T22:28:51.698Z] ----------------------------------------------------------------------
[debug] 
[debug] [2025-04-23T22:28:51.702Z] > command requires scopes: ["email","openid","https://www.googleapis.com/auth/cloudplatformprojects.readonly","https://www.googleapis.com/auth/firebase","https://www.googleapis.com/auth/cloud-platform"]
[debug] [2025-04-23T22:28:51.702Z] > authorizing via signed-in user (hydragaming595@gmail.com)
[info] 
     ######## #### ########  ######## ########     ###     ######  ########
     ##        ##  ##     ## ##       ##     ##  ##   ##  ##       ##
     ######    ##  ########  ######   ########  #########  ######  ######
     ##        ##  ##    ##  ##       ##     ## ##     ##       ## ##
     ##       #### ##     ## ######## ########  ##     ##  ######  ########

You're about to initialize a Firebase project in this directory:

  C:\Users\DELL\taddart-tracker

